<?xml version="1.0" encoding="UTF-8"?>
<testsuite xmlns:xsi="http://www.w3.org/2001/XMLSchema-instance" xsi:noNamespaceSchemaLocation="https://maven.apache.org/surefire/maven-surefire-plugin/xsd/surefire-test-report.xsd" name="TestSuite" time="0.179" tests="0" errors="0" skipped="0" failures="0">
  <properties>
    <property name="gopherProxySet" value="false"/>
    <property name="awt.toolkit" value="sun.lwawt.macosx.LWCToolkit"/>
    <property name="file.encoding.pkg" value="sun.io"/>
    <property name="java.specification.version" value="1.8"/>
    <property name="sun.cpu.isalist" value=""/>
    <property name="sun.jnu.encoding" value="UTF-8"/>
    <property name="java.class.path" value="/Users/igormusic/code/groovyContext/target/test-classes:/Users/igormusic/code/groovyContext/target/classes:/Users/igormusic/.m2/repository/org/springframework/boot/spring-boot-starter/2.2.2.RELEASE/spring-boot-starter-2.2.2.RELEASE.jar:/Users/igormusic/.m2/repository/org/springframework/boot/spring-boot/2.2.2.RELEASE/spring-boot-2.2.2.RELEASE.jar:/Users/igormusic/.m2/repository/org/springframework/spring-context/5.2.2.RELEASE/spring-context-5.2.2.RELEASE.jar:/Users/igormusic/.m2/repository/org/springframework/spring-aop/5.2.2.RELEASE/spring-aop-5.2.2.RELEASE.jar:/Users/igormusic/.m2/repository/org/springframework/spring-beans/5.2.2.RELEASE/spring-beans-5.2.2.RELEASE.jar:/Users/igormusic/.m2/repository/org/springframework/spring-expression/5.2.2.RELEASE/spring-expression-5.2.2.RELEASE.jar:/Users/igormusic/.m2/repository/org/springframework/boot/spring-boot-autoconfigure/2.2.2.RELEASE/spring-boot-autoconfigure-2.2.2.RELEASE.jar:/Users/igormusic/.m2/repository/org/springframework/boot/spring-boot-starter-logging/2.2.2.RELEASE/spring-boot-starter-logging-2.2.2.RELEASE.jar:/Users/igormusic/.m2/repository/ch/qos/logback/logback-classic/1.2.3/logback-classic-1.2.3.jar:/Users/igormusic/.m2/repository/ch/qos/logback/logback-core/1.2.3/logback-core-1.2.3.jar:/Users/igormusic/.m2/repository/org/apache/logging/log4j/log4j-to-slf4j/2.12.1/log4j-to-slf4j-2.12.1.jar:/Users/igormusic/.m2/repository/org/apache/logging/log4j/log4j-api/2.12.1/log4j-api-2.12.1.jar:/Users/igormusic/.m2/repository/org/slf4j/jul-to-slf4j/1.7.29/jul-to-slf4j-1.7.29.jar:/Users/igormusic/.m2/repository/jakarta/annotation/jakarta.annotation-api/1.3.5/jakarta.annotation-api-1.3.5.jar:/Users/igormusic/.m2/repository/org/springframework/spring-core/5.2.2.RELEASE/spring-core-5.2.2.RELEASE.jar:/Users/igormusic/.m2/repository/org/springframework/spring-jcl/5.2.2.RELEASE/spring-jcl-5.2.2.RELEASE.jar:/Users/igormusic/.m2/repository/org/yaml/snakeyaml/1.25/snakeyaml-1.25.jar:/Users/igormusic/.m2/repository/org/springframework/boot/spring-boot-starter-test/2.2.2.RELEASE/spring-boot-starter-test-2.2.2.RELEASE.jar:/Users/igormusic/.m2/repository/org/springframework/boot/spring-boot-test/2.2.2.RELEASE/spring-boot-test-2.2.2.RELEASE.jar:/Users/igormusic/.m2/repository/org/springframework/boot/spring-boot-test-autoconfigure/2.2.2.RELEASE/spring-boot-test-autoconfigure-2.2.2.RELEASE.jar:/Users/igormusic/.m2/repository/com/jayway/jsonpath/json-path/2.4.0/json-path-2.4.0.jar:/Users/igormusic/.m2/repository/net/minidev/json-smart/2.3/json-smart-2.3.jar:/Users/igormusic/.m2/repository/net/minidev/accessors-smart/1.2/accessors-smart-1.2.jar:/Users/igormusic/.m2/repository/org/ow2/asm/asm/5.0.4/asm-5.0.4.jar:/Users/igormusic/.m2/repository/org/slf4j/slf4j-api/1.7.29/slf4j-api-1.7.29.jar:/Users/igormusic/.m2/repository/jakarta/xml/bind/jakarta.xml.bind-api/2.3.2/jakarta.xml.bind-api-2.3.2.jar:/Users/igormusic/.m2/repository/jakarta/activation/jakarta.activation-api/1.2.1/jakarta.activation-api-1.2.1.jar:/Users/igormusic/.m2/repository/org/junit/jupiter/junit-jupiter/5.5.2/junit-jupiter-5.5.2.jar:/Users/igormusic/.m2/repository/org/junit/jupiter/junit-jupiter-api/5.5.2/junit-jupiter-api-5.5.2.jar:/Users/igormusic/.m2/repository/org/apiguardian/apiguardian-api/1.1.0/apiguardian-api-1.1.0.jar:/Users/igormusic/.m2/repository/org/opentest4j/opentest4j/1.2.0/opentest4j-1.2.0.jar:/Users/igormusic/.m2/repository/org/junit/platform/junit-platform-commons/1.5.2/junit-platform-commons-1.5.2.jar:/Users/igormusic/.m2/repository/org/junit/jupiter/junit-jupiter-params/5.5.2/junit-jupiter-params-5.5.2.jar:/Users/igormusic/.m2/repository/org/junit/jupiter/junit-jupiter-engine/5.5.2/junit-jupiter-engine-5.5.2.jar:/Users/igormusic/.m2/repository/org/junit/platform/junit-platform-engine/1.5.2/junit-platform-engine-1.5.2.jar:/Users/igormusic/.m2/repository/org/mockito/mockito-junit-jupiter/3.1.0/mockito-junit-jupiter-3.1.0.jar:/Users/igormusic/.m2/repository/org/assertj/assertj-core/3.13.2/assertj-core-3.13.2.jar:/Users/igormusic/.m2/repository/org/hamcrest/hamcrest/2.1/hamcrest-2.1.jar:/Users/igormusic/.m2/repository/org/mockito/mockito-core/3.1.0/mockito-core-3.1.0.jar:/Users/igormusic/.m2/repository/net/bytebuddy/byte-buddy/1.10.4/byte-buddy-1.10.4.jar:/Users/igormusic/.m2/repository/net/bytebuddy/byte-buddy-agent/1.10.4/byte-buddy-agent-1.10.4.jar:/Users/igormusic/.m2/repository/org/objenesis/objenesis/2.6/objenesis-2.6.jar:/Users/igormusic/.m2/repository/org/skyscreamer/jsonassert/1.5.0/jsonassert-1.5.0.jar:/Users/igormusic/.m2/repository/com/vaadin/external/google/android-json/0.0.20131108.vaadin1/android-json-0.0.20131108.vaadin1.jar:/Users/igormusic/.m2/repository/org/springframework/spring-test/5.2.2.RELEASE/spring-test-5.2.2.RELEASE.jar:/Users/igormusic/.m2/repository/org/xmlunit/xmlunit-core/2.6.3/xmlunit-core-2.6.3.jar:/Users/igormusic/.m2/repository/org/codehaus/groovy/groovy/2.5.8/groovy-2.5.8.jar:/Users/igormusic/.m2/repository/org/codehaus/groovy/groovy-ant/2.5.8/groovy-ant-2.5.8.jar:/Users/igormusic/.m2/repository/org/apache/ant/ant/1.9.13/ant-1.9.13.jar:/Users/igormusic/.m2/repository/org/apache/ant/ant-junit/1.9.13/ant-junit-1.9.13.jar:/Users/igormusic/.m2/repository/org/apache/ant/ant-launcher/1.9.13/ant-launcher-1.9.13.jar:/Users/igormusic/.m2/repository/org/apache/ant/ant-antlr/1.9.13/ant-antlr-1.9.13.jar:/Users/igormusic/.m2/repository/org/codehaus/groovy/groovy-cli-commons/2.5.8/groovy-cli-commons-2.5.8.jar:/Users/igormusic/.m2/repository/commons-cli/commons-cli/1.4/commons-cli-1.4.jar:/Users/igormusic/.m2/repository/org/codehaus/groovy/groovy-cli-picocli/2.5.8/groovy-cli-picocli-2.5.8.jar:/Users/igormusic/.m2/repository/info/picocli/picocli/4.0.1/picocli-4.0.1.jar:/Users/igormusic/.m2/repository/org/codehaus/groovy/groovy-console/2.5.8/groovy-console-2.5.8.jar:/Users/igormusic/.m2/repository/org/codehaus/groovy/groovy-datetime/2.5.8/groovy-datetime-2.5.8.jar:/Users/igormusic/.m2/repository/org/codehaus/groovy/groovy-docgenerator/2.5.8/groovy-docgenerator-2.5.8.jar:/Users/igormusic/.m2/repository/com/thoughtworks/qdox/qdox/1.12.1/qdox-1.12.1.jar:/Users/igormusic/.m2/repository/org/codehaus/groovy/groovy-groovydoc/2.5.8/groovy-groovydoc-2.5.8.jar:/Users/igormusic/.m2/repository/org/codehaus/groovy/groovy-groovysh/2.5.8/groovy-groovysh-2.5.8.jar:/Users/igormusic/.m2/repository/jline/jline/2.14.6/jline-2.14.6.jar:/Users/igormusic/.m2/repository/org/codehaus/groovy/groovy-jmx/2.5.8/groovy-jmx-2.5.8.jar:/Users/igormusic/.m2/repository/org/codehaus/groovy/groovy-json/2.5.8/groovy-json-2.5.8.jar:/Users/igormusic/.m2/repository/org/codehaus/groovy/groovy-jsr223/2.5.8/groovy-jsr223-2.5.8.jar:/Users/igormusic/.m2/repository/org/codehaus/groovy/groovy-macro/2.5.8/groovy-macro-2.5.8.jar:/Users/igormusic/.m2/repository/org/codehaus/groovy/groovy-nio/2.5.8/groovy-nio-2.5.8.jar:/Users/igormusic/.m2/repository/org/codehaus/groovy/groovy-servlet/2.5.8/groovy-servlet-2.5.8.jar:/Users/igormusic/.m2/repository/org/codehaus/groovy/groovy-sql/2.5.8/groovy-sql-2.5.8.jar:/Users/igormusic/.m2/repository/org/codehaus/groovy/groovy-swing/2.5.8/groovy-swing-2.5.8.jar:/Users/igormusic/.m2/repository/org/codehaus/groovy/groovy-templates/2.5.8/groovy-templates-2.5.8.jar:/Users/igormusic/.m2/repository/org/codehaus/groovy/groovy-test/2.5.8/groovy-test-2.5.8.jar:/Users/igormusic/.m2/repository/junit/junit/4.12/junit-4.12.jar:/Users/igormusic/.m2/repository/org/hamcrest/hamcrest-core/2.1/hamcrest-core-2.1.jar:/Users/igormusic/.m2/repository/org/codehaus/groovy/groovy-test-junit5/2.5.8/groovy-test-junit5-2.5.8.jar:/Users/igormusic/.m2/repository/org/junit/platform/junit-platform-launcher/1.5.2/junit-platform-launcher-1.5.2.jar:/Users/igormusic/.m2/repository/org/codehaus/groovy/groovy-testng/2.5.8/groovy-testng-2.5.8.jar:/Users/igormusic/.m2/repository/org/testng/testng/6.13.1/testng-6.13.1.jar:/Users/igormusic/.m2/repository/com/beust/jcommander/1.72/jcommander-1.72.jar:/Users/igormusic/.m2/repository/org/codehaus/groovy/groovy-xml/2.5.8/groovy-xml-2.5.8.jar:/Users/igormusic/.m2/repository/org/projectlombok/lombok/1.18.10/lombok-1.18.10.jar:/Users/igormusic/.m2/repository/com/github/spullara/mustache/java/compiler/0.9.6/compiler-0.9.6.jar:"/>
    <property name="java.vm.vendor" value="Oracle Corporation"/>
    <property name="sun.arch.data.model" value="64"/>
    <property name="java.vendor.url" value="http://java.oracle.com/"/>
    <property name="user.timezone" value=""/>
    <property name="java.vm.specification.version" value="1.8"/>
    <property name="os.name" value="Mac OS X"/>
    <property name="user.country" value="CA"/>
    <property name="sun.java.launcher" value="SUN_STANDARD"/>
    <property name="sun.boot.library.path" value="/Library/Java/JavaVirtualMachines/jdk1.8.0_152.jdk/Contents/Home/jre/lib"/>
    <property name="sun.java.command" value="/Users/igormusic/code/groovyContext/target/surefire/surefirebooter3983430395520368506.jar /Users/igormusic/code/groovyContext/target/surefire 2019-12-25T08-28-52_242-jvmRun1 surefire2535386077946694170tmp surefire_03050061096518473299tmp"/>
    <property name="http.nonProxyHosts" value="local|*.local|169.254/16|*.169.254/16"/>
    <property name="surefire.test.class.path" value="/Users/igormusic/code/groovyContext/target/test-classes:/Users/igormusic/code/groovyContext/target/classes:/Users/igormusic/.m2/repository/org/springframework/boot/spring-boot-starter/2.2.2.RELEASE/spring-boot-starter-2.2.2.RELEASE.jar:/Users/igormusic/.m2/repository/org/springframework/boot/spring-boot/2.2.2.RELEASE/spring-boot-2.2.2.RELEASE.jar:/Users/igormusic/.m2/repository/org/springframework/spring-context/5.2.2.RELEASE/spring-context-5.2.2.RELEASE.jar:/Users/igormusic/.m2/repository/org/springframework/spring-aop/5.2.2.RELEASE/spring-aop-5.2.2.RELEASE.jar:/Users/igormusic/.m2/repository/org/springframework/spring-beans/5.2.2.RELEASE/spring-beans-5.2.2.RELEASE.jar:/Users/igormusic/.m2/repository/org/springframework/spring-expression/5.2.2.RELEASE/spring-expression-5.2.2.RELEASE.jar:/Users/igormusic/.m2/repository/org/springframework/boot/spring-boot-autoconfigure/2.2.2.RELEASE/spring-boot-autoconfigure-2.2.2.RELEASE.jar:/Users/igormusic/.m2/repository/org/springframework/boot/spring-boot-starter-logging/2.2.2.RELEASE/spring-boot-starter-logging-2.2.2.RELEASE.jar:/Users/igormusic/.m2/repository/ch/qos/logback/logback-classic/1.2.3/logback-classic-1.2.3.jar:/Users/igormusic/.m2/repository/ch/qos/logback/logback-core/1.2.3/logback-core-1.2.3.jar:/Users/igormusic/.m2/repository/org/apache/logging/log4j/log4j-to-slf4j/2.12.1/log4j-to-slf4j-2.12.1.jar:/Users/igormusic/.m2/repository/org/apache/logging/log4j/log4j-api/2.12.1/log4j-api-2.12.1.jar:/Users/igormusic/.m2/repository/org/slf4j/jul-to-slf4j/1.7.29/jul-to-slf4j-1.7.29.jar:/Users/igormusic/.m2/repository/jakarta/annotation/jakarta.annotation-api/1.3.5/jakarta.annotation-api-1.3.5.jar:/Users/igormusic/.m2/repository/org/springframework/spring-core/5.2.2.RELEASE/spring-core-5.2.2.RELEASE.jar:/Users/igormusic/.m2/repository/org/springframework/spring-jcl/5.2.2.RELEASE/spring-jcl-5.2.2.RELEASE.jar:/Users/igormusic/.m2/repository/org/yaml/snakeyaml/1.25/snakeyaml-1.25.jar:/Users/igormusic/.m2/repository/org/springframework/boot/spring-boot-starter-test/2.2.2.RELEASE/spring-boot-starter-test-2.2.2.RELEASE.jar:/Users/igormusic/.m2/repository/org/springframework/boot/spring-boot-test/2.2.2.RELEASE/spring-boot-test-2.2.2.RELEASE.jar:/Users/igormusic/.m2/repository/org/springframework/boot/spring-boot-test-autoconfigure/2.2.2.RELEASE/spring-boot-test-autoconfigure-2.2.2.RELEASE.jar:/Users/igormusic/.m2/repository/com/jayway/jsonpath/json-path/2.4.0/json-path-2.4.0.jar:/Users/igormusic/.m2/repository/net/minidev/json-smart/2.3/json-smart-2.3.jar:/Users/igormusic/.m2/repository/net/minidev/accessors-smart/1.2/accessors-smart-1.2.jar:/Users/igormusic/.m2/repository/org/ow2/asm/asm/5.0.4/asm-5.0.4.jar:/Users/igormusic/.m2/repository/org/slf4j/slf4j-api/1.7.29/slf4j-api-1.7.29.jar:/Users/igormusic/.m2/repository/jakarta/xml/bind/jakarta.xml.bind-api/2.3.2/jakarta.xml.bind-api-2.3.2.jar:/Users/igormusic/.m2/repository/jakarta/activation/jakarta.activation-api/1.2.1/jakarta.activation-api-1.2.1.jar:/Users/igormusic/.m2/repository/org/junit/jupiter/junit-jupiter/5.5.2/junit-jupiter-5.5.2.jar:/Users/igormusic/.m2/repository/org/junit/jupiter/junit-jupiter-api/5.5.2/junit-jupiter-api-5.5.2.jar:/Users/igormusic/.m2/repository/org/apiguardian/apiguardian-api/1.1.0/apiguardian-api-1.1.0.jar:/Users/igormusic/.m2/repository/org/opentest4j/opentest4j/1.2.0/opentest4j-1.2.0.jar:/Users/igormusic/.m2/repository/org/junit/platform/junit-platform-commons/1.5.2/junit-platform-commons-1.5.2.jar:/Users/igormusic/.m2/repository/org/junit/jupiter/junit-jupiter-params/5.5.2/junit-jupiter-params-5.5.2.jar:/Users/igormusic/.m2/repository/org/junit/jupiter/junit-jupiter-engine/5.5.2/junit-jupiter-engine-5.5.2.jar:/Users/igormusic/.m2/repository/org/junit/platform/junit-platform-engine/1.5.2/junit-platform-engine-1.5.2.jar:/Users/igormusic/.m2/repository/org/mockito/mockito-junit-jupiter/3.1.0/mockito-junit-jupiter-3.1.0.jar:/Users/igormusic/.m2/repository/org/assertj/assertj-core/3.13.2/assertj-core-3.13.2.jar:/Users/igormusic/.m2/repository/org/hamcrest/hamcrest/2.1/hamcrest-2.1.jar:/Users/igormusic/.m2/repository/org/mockito/mockito-core/3.1.0/mockito-core-3.1.0.jar:/Users/igormusic/.m2/repository/net/bytebuddy/byte-buddy/1.10.4/byte-buddy-1.10.4.jar:/Users/igormusic/.m2/repository/net/bytebuddy/byte-buddy-agent/1.10.4/byte-buddy-agent-1.10.4.jar:/Users/igormusic/.m2/repository/org/objenesis/objenesis/2.6/objenesis-2.6.jar:/Users/igormusic/.m2/repository/org/skyscreamer/jsonassert/1.5.0/jsonassert-1.5.0.jar:/Users/igormusic/.m2/repository/com/vaadin/external/google/android-json/0.0.20131108.vaadin1/android-json-0.0.20131108.vaadin1.jar:/Users/igormusic/.m2/repository/org/springframework/spring-test/5.2.2.RELEASE/spring-test-5.2.2.RELEASE.jar:/Users/igormusic/.m2/repository/org/xmlunit/xmlunit-core/2.6.3/xmlunit-core-2.6.3.jar:/Users/igormusic/.m2/repository/org/codehaus/groovy/groovy/2.5.8/groovy-2.5.8.jar:/Users/igormusic/.m2/repository/org/codehaus/groovy/groovy-ant/2.5.8/groovy-ant-2.5.8.jar:/Users/igormusic/.m2/repository/org/apache/ant/ant/1.9.13/ant-1.9.13.jar:/Users/igormusic/.m2/repository/org/apache/ant/ant-junit/1.9.13/ant-junit-1.9.13.jar:/Users/igormusic/.m2/repository/org/apache/ant/ant-launcher/1.9.13/ant-launcher-1.9.13.jar:/Users/igormusic/.m2/repository/org/apache/ant/ant-antlr/1.9.13/ant-antlr-1.9.13.jar:/Users/igormusic/.m2/repository/org/codehaus/groovy/groovy-cli-commons/2.5.8/groovy-cli-commons-2.5.8.jar:/Users/igormusic/.m2/repository/commons-cli/commons-cli/1.4/commons-cli-1.4.jar:/Users/igormusic/.m2/repository/org/codehaus/groovy/groovy-cli-picocli/2.5.8/groovy-cli-picocli-2.5.8.jar:/Users/igormusic/.m2/repository/info/picocli/picocli/4.0.1/picocli-4.0.1.jar:/Users/igormusic/.m2/repository/org/codehaus/groovy/groovy-console/2.5.8/groovy-console-2.5.8.jar:/Users/igormusic/.m2/repository/org/codehaus/groovy/groovy-datetime/2.5.8/groovy-datetime-2.5.8.jar:/Users/igormusic/.m2/repository/org/codehaus/groovy/groovy-docgenerator/2.5.8/groovy-docgenerator-2.5.8.jar:/Users/igormusic/.m2/repository/com/thoughtworks/qdox/qdox/1.12.1/qdox-1.12.1.jar:/Users/igormusic/.m2/repository/org/codehaus/groovy/groovy-groovydoc/2.5.8/groovy-groovydoc-2.5.8.jar:/Users/igormusic/.m2/repository/org/codehaus/groovy/groovy-groovysh/2.5.8/groovy-groovysh-2.5.8.jar:/Users/igormusic/.m2/repository/jline/jline/2.14.6/jline-2.14.6.jar:/Users/igormusic/.m2/repository/org/codehaus/groovy/groovy-jmx/2.5.8/groovy-jmx-2.5.8.jar:/Users/igormusic/.m2/repository/org/codehaus/groovy/groovy-json/2.5.8/groovy-json-2.5.8.jar:/Users/igormusic/.m2/repository/org/codehaus/groovy/groovy-jsr223/2.5.8/groovy-jsr223-2.5.8.jar:/Users/igormusic/.m2/repository/org/codehaus/groovy/groovy-macro/2.5.8/groovy-macro-2.5.8.jar:/Users/igormusic/.m2/repository/org/codehaus/groovy/groovy-nio/2.5.8/groovy-nio-2.5.8.jar:/Users/igormusic/.m2/repository/org/codehaus/groovy/groovy-servlet/2.5.8/groovy-servlet-2.5.8.jar:/Users/igormusic/.m2/repository/org/codehaus/groovy/groovy-sql/2.5.8/groovy-sql-2.5.8.jar:/Users/igormusic/.m2/repository/org/codehaus/groovy/groovy-swing/2.5.8/groovy-swing-2.5.8.jar:/Users/igormusic/.m2/repository/org/codehaus/groovy/groovy-templates/2.5.8/groovy-templates-2.5.8.jar:/Users/igormusic/.m2/repository/org/codehaus/groovy/groovy-test/2.5.8/groovy-test-2.5.8.jar:/Users/igormusic/.m2/repository/junit/junit/4.12/junit-4.12.jar:/Users/igormusic/.m2/repository/org/hamcrest/hamcrest-core/2.1/hamcrest-core-2.1.jar:/Users/igormusic/.m2/repository/org/codehaus/groovy/groovy-test-junit5/2.5.8/groovy-test-junit5-2.5.8.jar:/Users/igormusic/.m2/repository/org/junit/platform/junit-platform-launcher/1.5.2/junit-platform-launcher-1.5.2.jar:/Users/igormusic/.m2/repository/org/codehaus/groovy/groovy-testng/2.5.8/groovy-testng-2.5.8.jar:/Users/igormusic/.m2/repository/org/testng/testng/6.13.1/testng-6.13.1.jar:/Users/igormusic/.m2/repository/com/beust/jcommander/1.72/jcommander-1.72.jar:/Users/igormusic/.m2/repository/org/codehaus/groovy/groovy-xml/2.5.8/groovy-xml-2.5.8.jar:/Users/igormusic/.m2/repository/org/projectlombok/lombok/1.18.10/lombok-1.18.10.jar:/Users/igormusic/.m2/repository/com/github/spullara/mustache/java/compiler/0.9.6/compiler-0.9.6.jar:"/>
    <property name="sun.cpu.endian" value="little"/>
    <property name="user.home" value="/Users/igormusic"/>
    <property name="user.language" value="en"/>
    <property name="java.specification.vendor" value="Oracle Corporation"/>
    <property name="java.home" value="/Library/Java/JavaVirtualMachines/jdk1.8.0_152.jdk/Contents/Home/jre"/>
    <property name="basedir" value="/Users/igormusic/code/groovyContext"/>
    <property name="file.separator" value="/"/>
    <property name="line.separator" value="&#10;"/>
    <property name="java.vm.specification.vendor" value="Oracle Corporation"/>
    <property name="java.specification.name" value="Java Platform API Specification"/>
    <property name="java.awt.graphicsenv" value="sun.awt.CGraphicsEnvironment"/>
    <property name="surefire.real.class.path" value="/Users/igormusic/code/groovyContext/target/surefire/surefirebooter3983430395520368506.jar"/>
    <property name="sun.boot.class.path" value="/Library/Java/JavaVirtualMachines/jdk1.8.0_152.jdk/Contents/Home/jre/lib/resources.jar:/Library/Java/JavaVirtualMachines/jdk1.8.0_152.jdk/Contents/Home/jre/lib/rt.jar:/Library/Java/JavaVirtualMachines/jdk1.8.0_152.jdk/Contents/Home/jre/lib/sunrsasign.jar:/Library/Java/JavaVirtualMachines/jdk1.8.0_152.jdk/Contents/Home/jre/lib/jsse.jar:/Library/Java/JavaVirtualMachines/jdk1.8.0_152.jdk/Contents/Home/jre/lib/jce.jar:/Library/Java/JavaVirtualMachines/jdk1.8.0_152.jdk/Contents/Home/jre/lib/charsets.jar:/Library/Java/JavaVirtualMachines/jdk1.8.0_152.jdk/Contents/Home/jre/lib/jfr.jar:/Library/Java/JavaVirtualMachines/jdk1.8.0_152.jdk/Contents/Home/jre/classes"/>
    <property name="sun.management.compiler" value="HotSpot 64-Bit Tiered Compilers"/>
    <property name="ftp.nonProxyHosts" value="local|*.local|169.254/16|*.169.254/16"/>
    <property name="java.runtime.version" value="1.8.0_152-b16"/>
    <property name="user.name" value="igormusic"/>
    <property name="path.separator" value=":"/>
    <property name="os.version" value="10.14.6"/>
    <property name="java.endorsed.dirs" value="/Library/Java/JavaVirtualMachines/jdk1.8.0_152.jdk/Contents/Home/jre/lib/endorsed"/>
    <property name="java.runtime.name" value="Java(TM) SE Runtime Environment"/>
    <property name="file.encoding" value="US-ASCII"/>
    <property name="java.vm.name" value="Java HotSpot(TM) 64-Bit Server VM"/>
    <property name="localRepository" value="/Users/igormusic/.m2/repository"/>
    <property name="java.vendor.url.bug" value="http://bugreport.sun.com/bugreport/"/>
    <property name="java.io.tmpdir" value="/var/folders/xp/xg7gwj2n75g7swxk_y3b9_6c0000gn/T/"/>
    <property name="java.version" value="1.8.0_152"/>
    <property name="user.dir" value="/Users/igormusic/code/groovyContext"/>
    <property name="os.arch" value="x86_64"/>
    <property name="java.vm.specification.name" value="Java Virtual Machine Specification"/>
    <property name="java.awt.printerjob" value="sun.lwawt.macosx.CPrinterJob"/>
    <property name="idea.version2019.3.1" value="true"/>
    <property name="sun.os.patch.level" value="unknown"/>
    <property name="java.library.path" value="/Users/igormusic/Library/Java/Extensions:/Library/Java/Extensions:/Network/Library/Java/Extensions:/System/Library/Java/Extensions:/usr/lib/java:."/>
    <property name="java.vm.info" value="mixed mode"/>
    <property name="java.vendor" value="Oracle Corporation"/>
    <property name="java.vm.version" value="25.152-b16"/>
    <property name="java.ext.dirs" value="/Users/igormusic/Library/Java/Extensions:/Library/Java/JavaVirtualMachines/jdk1.8.0_152.jdk/Contents/Home/jre/lib/ext:/Library/Java/Extensions:/Network/Library/Java/Extensions:/System/Library/Java/Extensions:/usr/lib/java"/>
    <property name="sun.io.unicode.encoding" value="UnicodeBig"/>
    <property name="java.class.version" value="52.0"/>
    <property name="socksNonProxyHosts" value="local|*.local|169.254/16|*.169.254/16"/>
  </properties>
</testsuite>